Running savilerow. File: YB4_r1.eprime. Output: output/solutionsYB4_r1.output
I found 14 cubic solutions
Rack:
[ [  1,  1,  1,  1 ],
  [  2,  2,  2,  2 ],
  [  3,  3,  3,  3 ],
  [  4,  4,  4,  4 ] ]
I constructed 14 cubic solutions in 1555ms (= 0:00:01.555)
Running savilerow. File: YB4_r2.eprime. Output: output/solutionsYB4_r2.output
I found 12 cubic solutions
Rack:
[ [  1,  1,  1,  4 ],
  [  2,  2,  2,  4 ],
  [  3,  3,  3,  4 ],
  [  1,  2,  3,  4 ] ]
I constructed 26 cubic solutions in 2466ms (= 0:00:02.466)
Running savilerow. File: YB4_r3.eprime. Output: output/solutionsYB4_r3.output
I found 3 cubic solutions
Rack:
[ [  1,  1,  3,  3 ],
  [  2,  2,  4,  4 ],
  [  1,  1,  1,  1 ],
  [  2,  2,  2,  2 ] ]
I constructed 29 cubic solutions in 3516ms (= 0:00:03.516)
Running savilerow. File: YB4_r4.eprime. Output: output/solutionsYB4_r4.output
I found 10 cubic solutions
Rack:
[ [  1,  1,  3,  3 ],
  [  2,  2,  4,  4 ],
  [  1,  1,  3,  3 ],
  [  2,  2,  4,  4 ] ]
I constructed 39 cubic solutions in 4605ms (= 0:00:04.605)
Running savilerow. File: YB4_r5.eprime. Output: output/solutionsYB4_r5.output
I found 26 cubic solutions
Rack:
[ [  1,  1,  3,  4 ],
  [  2,  2,  3,  4 ],
  [  1,  2,  3,  3 ],
  [  1,  2,  4,  4 ] ]
I constructed 65 cubic solutions in 5838ms (= 0:00:05.838)
Running savilerow. File: YB4_r6.eprime. Output: output/solutionsYB4_r6.output
I found 5 cubic solutions
Rack:
[ [  1,  1,  3,  4 ],
  [  2,  2,  3,  4 ],
  [  1,  2,  3,  4 ],
  [  1,  2,  3,  3 ] ]
I constructed 70 cubic solutions in 6794ms (= 0:00:06.794)
Running savilerow. File: YB4_r7.eprime. Output: output/solutionsYB4_r7.output
I found 28 cubic solutions
Rack:
[ [  1,  1,  3,  4 ],
  [  2,  2,  3,  4 ],
  [  1,  2,  3,  4 ],
  [  1,  2,  3,  4 ] ]
I constructed 98 cubic solutions in 7653ms (= 0:00:07.653)
Running savilerow. File: YB4_r8.eprime. Output: output/solutionsYB4_r8.output
I found 5 cubic solutions
Rack:
[ [  1,  2,  3,  4 ],
  [  1,  1,  1,  1 ],
  [  1,  1,  1,  1 ],
  [  1,  1,  1,  1 ] ]
I constructed 103 cubic solutions in 8656ms (= 0:00:08.656)
Running savilerow. File: YB4_r9.eprime. Output: output/solutionsYB4_r9.output
I found 2 cubic solutions
Rack:
[ [  1,  2,  3,  4 ],
  [  1,  1,  1,  1 ],
  [  1,  4,  1,  4 ],
  [  1,  3,  3,  1 ] ]
I constructed 105 cubic solutions in 9577ms (= 0:00:09.577)
Running savilerow. File: YB4_r10.eprime. Output: output/solutionsYB4_r10.outpu\
t
I found 3 cubic solutions
Rack:
[ [  1,  2,  3,  4 ],
  [  1,  1,  1,  4 ],
  [  1,  1,  1,  4 ],
  [  1,  2,  3,  1 ] ]
I constructed 108 cubic solutions in 10476ms (= 0:00:10.476)
Running savilerow. File: YB4_r11.eprime. Output: output/solutionsYB4_r11.outpu\
t
I found 5 cubic solutions
Rack:
[ [  1,  2,  3,  4 ],
  [  1,  1,  1,  4 ],
  [  1,  1,  1,  4 ],
  [  1,  2,  3,  4 ] ]
I constructed 113 cubic solutions in 11375ms (= 0:00:11.375)
Running savilerow. File: YB4_r12.eprime. Output: output/solutionsYB4_r12.outpu\
t
I found 3 cubic solutions
Rack:
[ [  1,  2,  3,  4 ],
  [  1,  1,  3,  3 ],
  [  1,  2,  3,  4 ],
  [  1,  1,  3,  3 ] ]
I constructed 116 cubic solutions in 12348ms (= 0:00:12.348)
Running savilerow. File: YB4_r13.eprime. Output: output/solutionsYB4_r13.outpu\
t
I found 3 cubic solutions
Rack:
[ [  1,  2,  3,  4 ],
  [  1,  1,  3,  4 ],
  [  1,  2,  1,  4 ],
  [  1,  2,  3,  1 ] ]
I constructed 119 cubic solutions in 13375ms (= 0:00:13.375)
Running savilerow. File: YB4_r14.eprime. Output: output/solutionsYB4_r14.outpu\
t
I found 4 cubic solutions
Rack:
[ [  1,  2,  3,  4 ],
  [  1,  1,  3,  4 ],
  [  1,  2,  1,  4 ],
  [  1,  2,  3,  4 ] ]
I constructed 123 cubic solutions in 14264ms (= 0:00:14.264)
Running savilerow. File: YB4_r15.eprime. Output: output/solutionsYB4_r15.outpu\
t
I found 2 cubic solutions
Rack:
[ [  1,  2,  3,  4 ],
  [  1,  1,  3,  4 ],
  [  1,  2,  3,  4 ],
  [  1,  2,  3,  3 ] ]
I constructed 125 cubic solutions in 15135ms (= 0:00:15.135)
Running savilerow. File: YB4_r16.eprime. Output: output/solutionsYB4_r16.outpu\
t
I found 4 cubic solutions
Rack:
[ [  1,  2,  3,  4 ],
  [  1,  1,  3,  4 ],
  [  1,  2,  3,  4 ],
  [  1,  2,  3,  4 ] ]
I constructed 129 cubic solutions in 16054ms (= 0:00:16.054)
Running savilerow. File: YB4_r17.eprime. Output: output/solutionsYB4_r17.outpu\
t
I found 23 cubic solutions
Rack:
[ [  1,  2,  3,  4 ],
  [  1,  2,  3,  4 ],
  [  1,  2,  3,  4 ],
  [  1,  2,  3,  4 ] ]
I constructed 152 cubic solutions in 17443ms (= 0:00:17.443)
gap> cubic_solutions(5);
