Created output file for domain filtering eprime/solutions/YB5_r9.eprime.minion
Created output file eprime/solutions/YB5_r9.eprime.minion
Solution: language ESSENCE' 1.0 letting M be [[1, 2, 3, 4, 5],  [1, 2, 3, 4, 5],  [1, 2, 3, 4, 5],  [1, 2, 3, 4, 5],  [1, 2, 3, 4, 5]] 
Solution: language ESSENCE' 1.0 letting M be [[1, 2, 3, 4, 5],  [1, 2, 3, 4, 5],  [1, 2, 3, 4, 5],  [1, 2, 3, 4, 5],  [1, 2, 4, 3, 5]] 
Solution: language ESSENCE' 1.0 letting M be [[1, 2, 3, 4, 5],  [1, 2, 3, 4, 5],  [1, 2, 3, 4, 5],  [1, 2, 3, 4, 5],  [2, 1, 4, 3, 5]] 
Solution: language ESSENCE' 1.0 letting M be [[1, 2, 3, 4, 5],  [1, 2, 3, 4, 5],  [1, 2, 3, 4, 5],  [1, 2, 3, 4, 5],  [3, 4, 1, 2, 5]] 
Solution: language ESSENCE' 1.0 letting M be [[1, 2, 3, 4, 5],  [1, 2, 3, 4, 5],  [1, 2, 3, 4, 5],  [1, 2, 3, 4, 5],  [3, 4, 2, 1, 5]] 
Solution: language ESSENCE' 1.0 letting M be [[1, 2, 3, 4, 5],  [1, 2, 3, 4, 5],  [1, 2, 3, 4, 5],  [1, 2, 4, 3, 5],  [1, 2, 3, 4, 5]] 
Solution: language ESSENCE' 1.0 letting M be [[1, 2, 3, 4, 5],  [1, 2, 3, 4, 5],  [1, 2, 3, 4, 5],  [1, 2, 4, 3, 5],  [2, 1, 3, 4, 5]] 
Solution: language ESSENCE' 1.0 letting M be [[1, 2, 3, 4, 5],  [1, 2, 3, 4, 5],  [1, 2, 3, 4, 5],  [2, 1, 4, 3, 5],  [1, 2, 3, 4, 5]] 
Solution: language ESSENCE' 1.0 letting M be [[1, 2, 3, 4, 5],  [1, 2, 3, 4, 5],  [1, 2, 3, 4, 5],  [2, 1, 4, 3, 5],  [2, 1, 3, 4, 5]] 
Solution: language ESSENCE' 1.0 letting M be [[1, 2, 3, 4, 5],  [1, 2, 3, 4, 5],  [1, 2, 4, 3, 5],  [1, 2, 4, 3, 5],  [1, 2, 3, 4, 5]] 
Solution: language ESSENCE' 1.0 letting M be [[1, 2, 3, 4, 5],  [1, 2, 3, 4, 5],  [1, 2, 4, 3, 5],  [1, 2, 4, 3, 5],  [1, 2, 4, 3, 5]] 
Solution: language ESSENCE' 1.0 letting M be [[1, 2, 3, 4, 5],  [1, 2, 3, 4, 5],  [1, 2, 4, 3, 5],  [1, 2, 4, 3, 5],  [2, 1, 3, 4, 5]] 
Solution: language ESSENCE' 1.0 letting M be [[1, 2, 3, 4, 5],  [1, 2, 3, 4, 5],  [1, 2, 4, 3, 5],  [1, 2, 4, 3, 5],  [2, 1, 4, 3, 5]] 
Solution: language ESSENCE' 1.0 letting M be [[1, 2, 3, 4, 5],  [1, 2, 3, 4, 5],  [1, 2, 4, 3, 5],  [2, 1, 3, 4, 5],  [1, 2, 3, 4, 5]] 
Solution: language ESSENCE' 1.0 letting M be [[1, 2, 3, 4, 5],  [1, 2, 3, 4, 5],  [1, 2, 4, 3, 5],  [2, 1, 3, 4, 5],  [2, 1, 3, 4, 5]] 
Solution: language ESSENCE' 1.0 letting M be [[1, 2, 3, 4, 5],  [1, 2, 3, 4, 5],  [2, 1, 3, 4, 5],  [2, 1, 3, 4, 5],  [1, 2, 3, 4, 5]] 
Solution: language ESSENCE' 1.0 letting M be [[1, 2, 3, 4, 5],  [1, 2, 3, 4, 5],  [2, 1, 3, 4, 5],  [2, 1, 3, 4, 5],  [1, 2, 4, 3, 5]] 
Solution: language ESSENCE' 1.0 letting M be [[1, 2, 3, 4, 5],  [1, 2, 3, 4, 5],  [2, 1, 3, 4, 5],  [2, 1, 3, 4, 5],  [2, 1, 3, 4, 5]] 
Solution: language ESSENCE' 1.0 letting M be [[1, 2, 3, 4, 5],  [1, 2, 3, 4, 5],  [2, 1, 3, 4, 5],  [2, 1, 3, 4, 5],  [2, 1, 4, 3, 5]] 
Solution: language ESSENCE' 1.0 letting M be [[1, 2, 3, 4, 5],  [1, 2, 3, 4, 5],  [2, 1, 3, 4, 5],  [2, 1, 4, 3, 5],  [1, 2, 3, 4, 5]] 
Solution: language ESSENCE' 1.0 letting M be [[1, 2, 3, 4, 5],  [1, 2, 3, 4, 5],  [2, 1, 3, 4, 5],  [2, 1, 4, 3, 5],  [2, 1, 3, 4, 5]] 
Solution: language ESSENCE' 1.0 letting M be [[1, 2, 3, 4, 5],  [1, 2, 3, 4, 5],  [2, 1, 4, 3, 5],  [2, 1, 4, 3, 5],  [1, 2, 3, 4, 5]] 
Solution: language ESSENCE' 1.0 letting M be [[1, 2, 3, 4, 5],  [1, 2, 3, 4, 5],  [2, 1, 4, 3, 5],  [2, 1, 4, 3, 5],  [1, 2, 4, 3, 5]] 
Solution: language ESSENCE' 1.0 letting M be [[1, 2, 3, 4, 5],  [1, 2, 3, 4, 5],  [2, 1, 4, 3, 5],  [2, 1, 4, 3, 5],  [2, 1, 3, 4, 5]] 
Solution: language ESSENCE' 1.0 letting M be [[1, 2, 3, 4, 5],  [1, 2, 3, 4, 5],  [2, 1, 4, 3, 5],  [2, 1, 4, 3, 5],  [2, 1, 4, 3, 5]] 
Solution: language ESSENCE' 1.0 letting M be [[1, 2, 3, 4, 5],  [2, 1, 3, 4, 5],  [1, 2, 3, 4, 5],  [1, 2, 4, 3, 5],  [1, 2, 3, 4, 5]] 
Solution: language ESSENCE' 1.0 letting M be [[1, 2, 3, 4, 5],  [2, 1, 3, 4, 5],  [1, 2, 3, 4, 5],  [1, 2, 4, 3, 5],  [3, 4, 1, 2, 5]] 
Solution: language ESSENCE' 1.0 letting M be [[1, 2, 3, 4, 5],  [2, 1, 3, 4, 5],  [1, 2, 4, 3, 5],  [1, 2, 4, 3, 5],  [1, 2, 3, 4, 5]] 
Solution: language ESSENCE' 1.0 letting M be [[1, 2, 3, 4, 5],  [2, 1, 3, 4, 5],  [1, 2, 4, 3, 5],  [1, 2, 4, 3, 5],  [1, 2, 4, 3, 5]] 
Solution: language ESSENCE' 1.0 letting M be [[1, 2, 3, 4, 5],  [2, 1, 4, 3, 5],  [1, 2, 4, 3, 5],  [1, 2, 4, 3, 5],  [1, 2, 3, 4, 5]] 
Solution: language ESSENCE' 1.0 letting M be [[1, 2, 3, 4, 5],  [2, 1, 4, 3, 5],  [1, 2, 4, 3, 5],  [1, 2, 4, 3, 5],  [1, 2, 4, 3, 5]] 
Solution: language ESSENCE' 1.0 letting M be [[1, 2, 3, 4, 5],  [3, 4, 2, 1, 5],  [4, 3, 1, 2, 5],  [1, 2, 3, 4, 5],  [1, 2, 3, 4, 5]] 
Solution: language ESSENCE' 1.0 letting M be [[1, 2, 3, 4, 5],  [3, 4, 2, 1, 5],  [4, 3, 1, 2, 5],  [1, 2, 3, 4, 5],  [4, 3, 2, 1, 5]] 
Solution: language ESSENCE' 1.0 letting M be [[1, 2, 4, 3, 5],  [1, 2, 4, 3, 5],  [1, 2, 4, 3, 5],  [1, 2, 4, 3, 5],  [1, 2, 3, 4, 5]] 
Solution: language ESSENCE' 1.0 letting M be [[1, 2, 4, 3, 5],  [1, 2, 4, 3, 5],  [1, 2, 4, 3, 5],  [1, 2, 4, 3, 5],  [1, 2, 4, 3, 5]] 
Solution: language ESSENCE' 1.0 letting M be [[1, 2, 4, 3, 5],  [1, 2, 4, 3, 5],  [1, 2, 4, 3, 5],  [1, 2, 4, 3, 5],  [2, 1, 3, 4, 5]] 
Solution: language ESSENCE' 1.0 letting M be [[1, 2, 4, 3, 5],  [1, 2, 4, 3, 5],  [1, 2, 4, 3, 5],  [1, 2, 4, 3, 5],  [2, 1, 4, 3, 5]] 
Solution: language ESSENCE' 1.0 letting M be [[1, 2, 4, 3, 5],  [1, 2, 4, 3, 5],  [2, 1, 3, 4, 5],  [2, 1, 3, 4, 5],  [1, 2, 3, 4, 5]] 
Solution: language ESSENCE' 1.0 letting M be [[1, 2, 4, 3, 5],  [1, 2, 4, 3, 5],  [2, 1, 3, 4, 5],  [2, 1, 3, 4, 5],  [1, 2, 4, 3, 5]] 
Solution: language ESSENCE' 1.0 letting M be [[1, 2, 4, 3, 5],  [1, 2, 4, 3, 5],  [2, 1, 3, 4, 5],  [2, 1, 3, 4, 5],  [2, 1, 4, 3, 5]] 
Solution: language ESSENCE' 1.0 letting M be [[1, 2, 4, 3, 5],  [1, 2, 4, 3, 5],  [2, 1, 3, 4, 5],  [2, 1, 3, 4, 5],  [3, 4, 1, 2, 5]] 
Solution: language ESSENCE' 1.0 letting M be [[1, 2, 4, 3, 5],  [1, 2, 4, 3, 5],  [2, 1, 3, 4, 5],  [2, 1, 3, 4, 5],  [3, 4, 2, 1, 5]] 
Solution: language ESSENCE' 1.0 letting M be [[1, 2, 4, 3, 5],  [1, 2, 4, 3, 5],  [2, 1, 4, 3, 5],  [2, 1, 4, 3, 5],  [1, 2, 3, 4, 5]] 
Solution: language ESSENCE' 1.0 letting M be [[1, 2, 4, 3, 5],  [1, 2, 4, 3, 5],  [2, 1, 4, 3, 5],  [2, 1, 4, 3, 5],  [1, 2, 4, 3, 5]] 
Solution: language ESSENCE' 1.0 letting M be [[1, 2, 4, 3, 5],  [1, 2, 4, 3, 5],  [2, 1, 4, 3, 5],  [2, 1, 4, 3, 5],  [2, 1, 3, 4, 5]] 
Solution: language ESSENCE' 1.0 letting M be [[1, 2, 4, 3, 5],  [1, 2, 4, 3, 5],  [2, 1, 4, 3, 5],  [2, 1, 4, 3, 5],  [2, 1, 4, 3, 5]] 
Solution: language ESSENCE' 1.0 letting M be [[1, 2, 4, 3, 5],  [2, 1, 3, 4, 5],  [1, 2, 4, 3, 5],  [1, 2, 4, 3, 5],  [1, 2, 3, 4, 5]] 
Solution: language ESSENCE' 1.0 letting M be [[1, 2, 4, 3, 5],  [2, 1, 3, 4, 5],  [1, 2, 4, 3, 5],  [1, 2, 4, 3, 5],  [1, 2, 4, 3, 5]] 
Solution: language ESSENCE' 1.0 letting M be [[1, 2, 4, 3, 5],  [2, 1, 4, 3, 5],  [1, 2, 4, 3, 5],  [1, 2, 4, 3, 5],  [1, 2, 3, 4, 5]] 
Solution: language ESSENCE' 1.0 letting M be [[1, 2, 4, 3, 5],  [2, 1, 4, 3, 5],  [1, 2, 4, 3, 5],  [1, 2, 4, 3, 5],  [1, 2, 4, 3, 5]] 
Solution: language ESSENCE' 1.0 letting M be [[2, 1, 3, 4, 5],  [2, 1, 3, 4, 5],  [1, 2, 4, 3, 5],  [1, 2, 4, 3, 5],  [1, 2, 3, 4, 5]] 
Solution: language ESSENCE' 1.0 letting M be [[2, 1, 3, 4, 5],  [2, 1, 3, 4, 5],  [1, 2, 4, 3, 5],  [1, 2, 4, 3, 5],  [1, 2, 4, 3, 5]] 
Solution: language ESSENCE' 1.0 letting M be [[2, 1, 3, 4, 5],  [2, 1, 3, 4, 5],  [1, 2, 4, 3, 5],  [1, 2, 4, 3, 5],  [2, 1, 4, 3, 5]] 
Solution: language ESSENCE' 1.0 letting M be [[2, 1, 3, 4, 5],  [2, 1, 3, 4, 5],  [1, 2, 4, 3, 5],  [1, 2, 4, 3, 5],  [3, 4, 1, 2, 5]] 
Solution: language ESSENCE' 1.0 letting M be [[2, 1, 3, 4, 5],  [2, 1, 3, 4, 5],  [1, 2, 4, 3, 5],  [1, 2, 4, 3, 5],  [3, 4, 2, 1, 5]] 
Solution: language ESSENCE' 1.0 letting M be [[2, 1, 3, 4, 5],  [2, 1, 3, 4, 5],  [2, 1, 4, 3, 5],  [2, 1, 4, 3, 5],  [1, 2, 3, 4, 5]] 
Solution: language ESSENCE' 1.0 letting M be [[2, 1, 3, 4, 5],  [2, 1, 3, 4, 5],  [2, 1, 4, 3, 5],  [2, 1, 4, 3, 5],  [1, 2, 4, 3, 5]] 
Solution: language ESSENCE' 1.0 letting M be [[2, 1, 3, 4, 5],  [2, 1, 3, 4, 5],  [2, 1, 4, 3, 5],  [2, 1, 4, 3, 5],  [2, 1, 3, 4, 5]] 
Solution: language ESSENCE' 1.0 letting M be [[2, 1, 3, 4, 5],  [2, 1, 3, 4, 5],  [2, 1, 4, 3, 5],  [2, 1, 4, 3, 5],  [2, 1, 4, 3, 5]] 
Solution: language ESSENCE' 1.0 letting M be [[2, 1, 3, 4, 5],  [3, 4, 1, 2, 5],  [1, 2, 4, 3, 5],  [3, 4, 1, 2, 5],  [1, 2, 3, 4, 5]] 
Solution: language ESSENCE' 1.0 letting M be [[2, 1, 3, 4, 5],  [3, 4, 1, 2, 5],  [1, 2, 4, 3, 5],  [3, 4, 1, 2, 5],  [3, 4, 1, 2, 5]] 
Solution: language ESSENCE' 1.0 letting M be [[2, 1, 4, 3, 5],  [2, 1, 4, 3, 5],  [2, 1, 4, 3, 5],  [2, 1, 4, 3, 5],  [1, 2, 3, 4, 5]] 
Solution: language ESSENCE' 1.0 letting M be [[2, 1, 4, 3, 5],  [2, 1, 4, 3, 5],  [2, 1, 4, 3, 5],  [2, 1, 4, 3, 5],  [1, 2, 4, 3, 5]] 
Solution: language ESSENCE' 1.0 letting M be [[2, 1, 4, 3, 5],  [2, 1, 4, 3, 5],  [2, 1, 4, 3, 5],  [2, 1, 4, 3, 5],  [2, 1, 4, 3, 5]] 
Solution: language ESSENCE' 1.0 letting M be [[2, 1, 4, 3, 5],  [2, 1, 4, 3, 5],  [2, 1, 4, 3, 5],  [2, 1, 4, 3, 5],  [3, 4, 1, 2, 5]] 
Solution: language ESSENCE' 1.0 letting M be [[2, 1, 4, 3, 5],  [2, 1, 4, 3, 5],  [2, 1, 4, 3, 5],  [2, 1, 4, 3, 5],  [3, 4, 2, 1, 5]] 
Solution: language ESSENCE' 1.0 letting M be [[3, 4, 1, 2, 5],  [3, 4, 1, 2, 5],  [3, 4, 1, 2, 5],  [3, 4, 1, 2, 5],  [1, 2, 3, 4, 5]] 
Solution: language ESSENCE' 1.0 letting M be [[3, 4, 1, 2, 5],  [3, 4, 1, 2, 5],  [3, 4, 1, 2, 5],  [3, 4, 1, 2, 5],  [2, 1, 4, 3, 5]] 
Solution: language ESSENCE' 1.0 letting M be [[3, 4, 1, 2, 5],  [3, 4, 1, 2, 5],  [3, 4, 1, 2, 5],  [3, 4, 1, 2, 5],  [3, 4, 1, 2, 5]] 
Solution: language ESSENCE' 1.0 letting M be [[3, 4, 1, 2, 5],  [3, 4, 1, 2, 5],  [3, 4, 1, 2, 5],  [3, 4, 1, 2, 5],  [4, 3, 2, 1, 5]] 
Solution: language ESSENCE' 1.0 letting M be [[3, 4, 1, 2, 5],  [3, 4, 1, 2, 5],  [4, 3, 2, 1, 5],  [4, 3, 2, 1, 5],  [1, 2, 3, 4, 5]] 
Solution: language ESSENCE' 1.0 letting M be [[3, 4, 1, 2, 5],  [3, 4, 1, 2, 5],  [4, 3, 2, 1, 5],  [4, 3, 2, 1, 5],  [2, 1, 4, 3, 5]] 
Solution: language ESSENCE' 1.0 letting M be [[3, 4, 1, 2, 5],  [3, 4, 1, 2, 5],  [4, 3, 2, 1, 5],  [4, 3, 2, 1, 5],  [3, 4, 2, 1, 5]] 
Solution: language ESSENCE' 1.0 letting M be [[3, 4, 1, 2, 5],  [3, 4, 1, 2, 5],  [4, 3, 2, 1, 5],  [4, 3, 2, 1, 5],  [4, 3, 1, 2, 5]] 
Solution: language ESSENCE' 1.0 letting M be [[3, 4, 1, 2, 5],  [4, 3, 1, 2, 5],  [3, 4, 1, 2, 5],  [3, 4, 2, 1, 5],  [1, 2, 3, 4, 5]] 
Solution: language ESSENCE' 1.0 letting M be [[3, 4, 1, 2, 5],  [4, 3, 1, 2, 5],  [3, 4, 1, 2, 5],  [3, 4, 2, 1, 5],  [3, 4, 1, 2, 5]] 
Solution: language ESSENCE' 1.0 letting M be [[3, 4, 2, 1, 5],  [3, 4, 2, 1, 5],  [3, 4, 2, 1, 5],  [3, 4, 2, 1, 5],  [1, 2, 3, 4, 5]] 
Solution: language ESSENCE' 1.0 letting M be [[3, 4, 2, 1, 5],  [3, 4, 2, 1, 5],  [3, 4, 2, 1, 5],  [3, 4, 2, 1, 5],  [2, 1, 4, 3, 5]] 
Solution: language ESSENCE' 1.0 letting M be [[3, 4, 2, 1, 5],  [3, 4, 2, 1, 5],  [3, 4, 2, 1, 5],  [3, 4, 2, 1, 5],  [3, 4, 2, 1, 5]] 
Solution: language ESSENCE' 1.0 letting M be [[3, 4, 2, 1, 5],  [3, 4, 2, 1, 5],  [3, 4, 2, 1, 5],  [3, 4, 2, 1, 5],  [4, 3, 1, 2, 5]] 
Solution: language ESSENCE' 1.0 letting M be [[3, 4, 2, 1, 5],  [3, 4, 2, 1, 5],  [4, 3, 1, 2, 5],  [4, 3, 1, 2, 5],  [1, 2, 3, 4, 5]] 
Solution: language ESSENCE' 1.0 letting M be [[3, 4, 2, 1, 5],  [3, 4, 2, 1, 5],  [4, 3, 1, 2, 5],  [4, 3, 1, 2, 5],  [2, 1, 4, 3, 5]] 
Solution: language ESSENCE' 1.0 letting M be [[3, 4, 2, 1, 5],  [3, 4, 2, 1, 5],  [4, 3, 1, 2, 5],  [4, 3, 1, 2, 5],  [3, 4, 1, 2, 5]] 
Solution: language ESSENCE' 1.0 letting M be [[3, 4, 2, 1, 5],  [3, 4, 2, 1, 5],  [4, 3, 1, 2, 5],  [4, 3, 1, 2, 5],  [4, 3, 2, 1, 5]] 
Created information file eprime/solutions/YB5_r9.eprime.info
