Created output file for domain filtering eprime/solutions/YB5_r3.eprime.minion
Created output file eprime/solutions/YB5_r3.eprime.minion
Solution: language ESSENCE' 1.0 letting M be [[1, 2, 3, 4, 5],  [1, 2, 3, 4, 5],  [1, 2, 3, 4, 5],  [1, 2, 3, 4, 5],  [1, 2, 3, 4, 5]] 
Solution: language ESSENCE' 1.0 letting M be [[1, 2, 3, 4, 5],  [1, 2, 3, 4, 5],  [1, 2, 3, 4, 5],  [1, 2, 3, 4, 5],  [1, 2, 3, 5, 4]] 
Solution: language ESSENCE' 1.0 letting M be [[1, 2, 3, 4, 5],  [1, 2, 3, 4, 5],  [1, 2, 3, 4, 5],  [1, 2, 3, 4, 5],  [1, 3, 2, 5, 4]] 
Solution: language ESSENCE' 1.0 letting M be [[1, 2, 3, 4, 5],  [1, 2, 3, 4, 5],  [1, 2, 3, 4, 5],  [1, 2, 3, 5, 4],  [1, 2, 3, 5, 4]] 
Solution: language ESSENCE' 1.0 letting M be [[1, 2, 3, 4, 5],  [1, 2, 3, 4, 5],  [1, 2, 3, 4, 5],  [1, 2, 3, 5, 4],  [1, 3, 2, 4, 5]] 
Solution: language ESSENCE' 1.0 letting M be [[1, 2, 3, 4, 5],  [1, 2, 3, 4, 5],  [1, 2, 3, 4, 5],  [1, 3, 2, 4, 5],  [1, 3, 2, 4, 5]] 
Solution: language ESSENCE' 1.0 letting M be [[1, 2, 3, 4, 5],  [1, 2, 3, 4, 5],  [1, 2, 3, 4, 5],  [1, 3, 2, 4, 5],  [1, 3, 2, 5, 4]] 
Solution: language ESSENCE' 1.0 letting M be [[1, 2, 3, 4, 5],  [1, 2, 3, 4, 5],  [1, 2, 3, 4, 5],  [1, 3, 2, 5, 4],  [1, 3, 2, 5, 4]] 
Solution: language ESSENCE' 1.0 letting M be [[1, 2, 3, 4, 5],  [1, 2, 3, 4, 5],  [1, 2, 3, 4, 5],  [2, 3, 1, 4, 5],  [2, 3, 1, 4, 5]] 
Solution: language ESSENCE' 1.0 letting M be [[1, 2, 3, 4, 5],  [1, 2, 3, 4, 5],  [1, 2, 3, 4, 5],  [2, 3, 1, 4, 5],  [2, 3, 1, 5, 4]] 
Solution: language ESSENCE' 1.0 letting M be [[1, 2, 3, 4, 5],  [1, 2, 3, 4, 5],  [1, 2, 3, 4, 5],  [2, 3, 1, 5, 4],  [2, 3, 1, 5, 4]] 
Solution: language ESSENCE' 1.0 letting M be [[1, 2, 3, 4, 5],  [3, 1, 2, 4, 5],  [2, 3, 1, 4, 5],  [1, 2, 3, 4, 5],  [1, 2, 3, 4, 5]] 
Solution: language ESSENCE' 1.0 letting M be [[1, 2, 3, 4, 5],  [3, 1, 2, 4, 5],  [2, 3, 1, 4, 5],  [1, 2, 3, 4, 5],  [1, 2, 3, 5, 4]] 
Solution: language ESSENCE' 1.0 letting M be [[1, 2, 3, 4, 5],  [3, 1, 2, 4, 5],  [2, 3, 1, 4, 5],  [1, 2, 3, 4, 5],  [1, 3, 2, 5, 4]] 
Solution: language ESSENCE' 1.0 letting M be [[1, 2, 3, 4, 5],  [3, 1, 2, 4, 5],  [2, 3, 1, 4, 5],  [1, 2, 3, 5, 4],  [1, 2, 3, 5, 4]] 
Solution: language ESSENCE' 1.0 letting M be [[1, 2, 3, 4, 5],  [3, 1, 2, 4, 5],  [2, 3, 1, 4, 5],  [1, 2, 3, 5, 4],  [1, 3, 2, 4, 5]] 
Solution: language ESSENCE' 1.0 letting M be [[1, 2, 3, 4, 5],  [3, 1, 2, 4, 5],  [2, 3, 1, 4, 5],  [1, 3, 2, 4, 5],  [1, 3, 2, 4, 5]] 
Solution: language ESSENCE' 1.0 letting M be [[1, 2, 3, 4, 5],  [3, 1, 2, 4, 5],  [2, 3, 1, 4, 5],  [1, 3, 2, 4, 5],  [1, 3, 2, 5, 4]] 
Solution: language ESSENCE' 1.0 letting M be [[1, 2, 3, 4, 5],  [3, 1, 2, 4, 5],  [2, 3, 1, 4, 5],  [1, 3, 2, 5, 4],  [1, 3, 2, 5, 4]] 
Solution: language ESSENCE' 1.0 letting M be [[1, 2, 3, 5, 4],  [1, 2, 3, 5, 4],  [1, 2, 3, 5, 4],  [1, 2, 3, 4, 5],  [1, 2, 3, 4, 5]] 
Solution: language ESSENCE' 1.0 letting M be [[1, 2, 3, 5, 4],  [1, 2, 3, 5, 4],  [1, 2, 3, 5, 4],  [1, 2, 3, 5, 4],  [1, 2, 3, 5, 4]] 
Solution: language ESSENCE' 1.0 letting M be [[1, 2, 3, 5, 4],  [1, 2, 3, 5, 4],  [1, 2, 3, 5, 4],  [1, 3, 2, 4, 5],  [1, 3, 2, 4, 5]] 
Solution: language ESSENCE' 1.0 letting M be [[1, 2, 3, 5, 4],  [1, 2, 3, 5, 4],  [1, 2, 3, 5, 4],  [1, 3, 2, 5, 4],  [1, 3, 2, 5, 4]] 
Solution: language ESSENCE' 1.0 letting M be [[1, 2, 3, 5, 4],  [1, 2, 3, 5, 4],  [1, 2, 3, 5, 4],  [2, 3, 1, 4, 5],  [2, 3, 1, 4, 5]] 
Solution: language ESSENCE' 1.0 letting M be [[1, 2, 3, 5, 4],  [1, 2, 3, 5, 4],  [1, 2, 3, 5, 4],  [2, 3, 1, 5, 4],  [2, 3, 1, 5, 4]] 
Solution: language ESSENCE' 1.0 letting M be [[1, 2, 3, 5, 4],  [3, 1, 2, 5, 4],  [2, 3, 1, 5, 4],  [1, 2, 3, 4, 5],  [1, 2, 3, 4, 5]] 
Solution: language ESSENCE' 1.0 letting M be [[1, 2, 3, 5, 4],  [3, 1, 2, 5, 4],  [2, 3, 1, 5, 4],  [1, 2, 3, 5, 4],  [1, 2, 3, 5, 4]] 
Solution: language ESSENCE' 1.0 letting M be [[1, 2, 3, 5, 4],  [3, 1, 2, 5, 4],  [2, 3, 1, 5, 4],  [1, 3, 2, 4, 5],  [1, 3, 2, 4, 5]] 
Solution: language ESSENCE' 1.0 letting M be [[1, 2, 3, 5, 4],  [3, 1, 2, 5, 4],  [2, 3, 1, 5, 4],  [1, 3, 2, 5, 4],  [1, 3, 2, 5, 4]] 
Solution: language ESSENCE' 1.0 letting M be [[1, 3, 2, 4, 5],  [1, 3, 2, 4, 5],  [1, 3, 2, 4, 5],  [1, 2, 3, 4, 5],  [1, 2, 3, 4, 5]] 
Solution: language ESSENCE' 1.0 letting M be [[1, 3, 2, 4, 5],  [1, 3, 2, 4, 5],  [1, 3, 2, 4, 5],  [1, 2, 3, 4, 5],  [1, 2, 3, 5, 4]] 
Solution: language ESSENCE' 1.0 letting M be [[1, 3, 2, 4, 5],  [1, 3, 2, 4, 5],  [1, 3, 2, 4, 5],  [1, 2, 3, 4, 5],  [1, 3, 2, 5, 4]] 
Solution: language ESSENCE' 1.0 letting M be [[1, 3, 2, 4, 5],  [1, 3, 2, 4, 5],  [1, 3, 2, 4, 5],  [1, 2, 3, 5, 4],  [1, 2, 3, 5, 4]] 
Solution: language ESSENCE' 1.0 letting M be [[1, 3, 2, 4, 5],  [1, 3, 2, 4, 5],  [1, 3, 2, 4, 5],  [1, 2, 3, 5, 4],  [1, 3, 2, 4, 5]] 
Solution: language ESSENCE' 1.0 letting M be [[1, 3, 2, 4, 5],  [1, 3, 2, 4, 5],  [1, 3, 2, 4, 5],  [1, 3, 2, 4, 5],  [1, 3, 2, 4, 5]] 
Solution: language ESSENCE' 1.0 letting M be [[1, 3, 2, 4, 5],  [1, 3, 2, 4, 5],  [1, 3, 2, 4, 5],  [1, 3, 2, 4, 5],  [1, 3, 2, 5, 4]] 
Solution: language ESSENCE' 1.0 letting M be [[1, 3, 2, 4, 5],  [1, 3, 2, 4, 5],  [1, 3, 2, 4, 5],  [1, 3, 2, 5, 4],  [1, 3, 2, 5, 4]] 
Solution: language ESSENCE' 1.0 letting M be [[1, 3, 2, 4, 5],  [2, 1, 3, 4, 5],  [3, 2, 1, 4, 5],  [1, 2, 3, 4, 5],  [1, 2, 3, 4, 5]] 
Solution: language ESSENCE' 1.0 letting M be [[1, 3, 2, 4, 5],  [2, 1, 3, 4, 5],  [3, 2, 1, 4, 5],  [1, 2, 3, 4, 5],  [1, 2, 3, 5, 4]] 
Solution: language ESSENCE' 1.0 letting M be [[1, 3, 2, 4, 5],  [2, 1, 3, 4, 5],  [3, 2, 1, 4, 5],  [1, 2, 3, 4, 5],  [1, 3, 2, 5, 4]] 
Solution: language ESSENCE' 1.0 letting M be [[1, 3, 2, 4, 5],  [2, 1, 3, 4, 5],  [3, 2, 1, 4, 5],  [1, 2, 3, 5, 4],  [1, 2, 3, 5, 4]] 
Solution: language ESSENCE' 1.0 letting M be [[1, 3, 2, 4, 5],  [2, 1, 3, 4, 5],  [3, 2, 1, 4, 5],  [1, 2, 3, 5, 4],  [1, 3, 2, 4, 5]] 
Solution: language ESSENCE' 1.0 letting M be [[1, 3, 2, 4, 5],  [2, 1, 3, 4, 5],  [3, 2, 1, 4, 5],  [1, 3, 2, 4, 5],  [1, 3, 2, 4, 5]] 
Solution: language ESSENCE' 1.0 letting M be [[1, 3, 2, 4, 5],  [2, 1, 3, 4, 5],  [3, 2, 1, 4, 5],  [1, 3, 2, 4, 5],  [1, 3, 2, 5, 4]] 
Solution: language ESSENCE' 1.0 letting M be [[1, 3, 2, 4, 5],  [2, 1, 3, 4, 5],  [3, 2, 1, 4, 5],  [1, 3, 2, 5, 4],  [1, 3, 2, 5, 4]] 
Solution: language ESSENCE' 1.0 letting M be [[1, 3, 2, 5, 4],  [1, 3, 2, 5, 4],  [1, 3, 2, 5, 4],  [1, 2, 3, 4, 5],  [1, 2, 3, 4, 5]] 
Solution: language ESSENCE' 1.0 letting M be [[1, 3, 2, 5, 4],  [1, 3, 2, 5, 4],  [1, 3, 2, 5, 4],  [1, 2, 3, 5, 4],  [1, 2, 3, 5, 4]] 
Solution: language ESSENCE' 1.0 letting M be [[1, 3, 2, 5, 4],  [1, 3, 2, 5, 4],  [1, 3, 2, 5, 4],  [1, 3, 2, 4, 5],  [1, 3, 2, 4, 5]] 
Solution: language ESSENCE' 1.0 letting M be [[1, 3, 2, 5, 4],  [1, 3, 2, 5, 4],  [1, 3, 2, 5, 4],  [1, 3, 2, 5, 4],  [1, 3, 2, 5, 4]] 
Solution: language ESSENCE' 1.0 letting M be [[1, 3, 2, 5, 4],  [2, 1, 3, 5, 4],  [3, 2, 1, 5, 4],  [1, 2, 3, 4, 5],  [1, 2, 3, 4, 5]] 
Solution: language ESSENCE' 1.0 letting M be [[1, 3, 2, 5, 4],  [2, 1, 3, 5, 4],  [3, 2, 1, 5, 4],  [1, 2, 3, 5, 4],  [1, 2, 3, 5, 4]] 
Solution: language ESSENCE' 1.0 letting M be [[1, 3, 2, 5, 4],  [2, 1, 3, 5, 4],  [3, 2, 1, 5, 4],  [1, 3, 2, 4, 5],  [1, 3, 2, 4, 5]] 
Solution: language ESSENCE' 1.0 letting M be [[1, 3, 2, 5, 4],  [2, 1, 3, 5, 4],  [3, 2, 1, 5, 4],  [1, 3, 2, 5, 4],  [1, 3, 2, 5, 4]] 
Solution: language ESSENCE' 1.0 letting M be [[2, 3, 1, 4, 5],  [2, 3, 1, 4, 5],  [2, 3, 1, 4, 5],  [1, 2, 3, 4, 5],  [1, 2, 3, 4, 5]] 
Solution: language ESSENCE' 1.0 letting M be [[2, 3, 1, 4, 5],  [2, 3, 1, 4, 5],  [2, 3, 1, 4, 5],  [1, 2, 3, 4, 5],  [1, 2, 3, 5, 4]] 
Solution: language ESSENCE' 1.0 letting M be [[2, 3, 1, 4, 5],  [2, 3, 1, 4, 5],  [2, 3, 1, 4, 5],  [1, 2, 3, 5, 4],  [1, 2, 3, 5, 4]] 
Solution: language ESSENCE' 1.0 letting M be [[2, 3, 1, 4, 5],  [2, 3, 1, 4, 5],  [2, 3, 1, 4, 5],  [2, 3, 1, 4, 5],  [2, 3, 1, 4, 5]] 
Solution: language ESSENCE' 1.0 letting M be [[2, 3, 1, 4, 5],  [2, 3, 1, 4, 5],  [2, 3, 1, 4, 5],  [2, 3, 1, 4, 5],  [2, 3, 1, 5, 4]] 
Solution: language ESSENCE' 1.0 letting M be [[2, 3, 1, 4, 5],  [2, 3, 1, 4, 5],  [2, 3, 1, 4, 5],  [2, 3, 1, 5, 4],  [2, 3, 1, 5, 4]] 
Solution: language ESSENCE' 1.0 letting M be [[2, 3, 1, 4, 5],  [2, 3, 1, 4, 5],  [2, 3, 1, 4, 5],  [3, 1, 2, 4, 5],  [3, 1, 2, 4, 5]] 
Solution: language ESSENCE' 1.0 letting M be [[2, 3, 1, 4, 5],  [2, 3, 1, 4, 5],  [2, 3, 1, 4, 5],  [3, 1, 2, 4, 5],  [3, 1, 2, 5, 4]] 
Solution: language ESSENCE' 1.0 letting M be [[2, 3, 1, 4, 5],  [2, 3, 1, 4, 5],  [2, 3, 1, 4, 5],  [3, 1, 2, 5, 4],  [3, 1, 2, 5, 4]] 
Solution: language ESSENCE' 1.0 letting M be [[2, 3, 1, 5, 4],  [2, 3, 1, 5, 4],  [2, 3, 1, 5, 4],  [1, 2, 3, 4, 5],  [1, 2, 3, 4, 5]] 
Solution: language ESSENCE' 1.0 letting M be [[2, 3, 1, 5, 4],  [2, 3, 1, 5, 4],  [2, 3, 1, 5, 4],  [1, 2, 3, 5, 4],  [1, 2, 3, 5, 4]] 
Solution: language ESSENCE' 1.0 letting M be [[2, 3, 1, 5, 4],  [2, 3, 1, 5, 4],  [2, 3, 1, 5, 4],  [2, 3, 1, 4, 5],  [2, 3, 1, 4, 5]] 
Solution: language ESSENCE' 1.0 letting M be [[2, 3, 1, 5, 4],  [2, 3, 1, 5, 4],  [2, 3, 1, 5, 4],  [2, 3, 1, 5, 4],  [2, 3, 1, 5, 4]] 
Solution: language ESSENCE' 1.0 letting M be [[2, 3, 1, 5, 4],  [2, 3, 1, 5, 4],  [2, 3, 1, 5, 4],  [3, 1, 2, 4, 5],  [3, 1, 2, 4, 5]] 
Solution: language ESSENCE' 1.0 letting M be [[2, 3, 1, 5, 4],  [2, 3, 1, 5, 4],  [2, 3, 1, 5, 4],  [3, 1, 2, 5, 4],  [3, 1, 2, 5, 4]] 
Created information file eprime/solutions/YB5_r3.eprime.info
